Analytic error analysis:

Field 9 : Dependent Field

Variable 1 : U

Component 1 : 1

Nodal errors:
     Node#  Deriv#     Numerical      Analytic       % error  Absolute err  Relative err
         1       1  -0.12222E+01  -0.12222E+01  -0.00000E+00   0.00000E+00  -0.00000E+00
         2       1  -0.45107E+00  -0.42857E+00  -0.52503E+01   0.22501E-01   0.39377E-01
         3       1  -0.52146E-01  -0.52632E-01   0.92225E+00   0.48539E-03  -0.51236E-03
         4       1   0.16814E+00   0.16667E+00  -0.88662E+00   0.14777E-02  -0.12666E-02
         5       1   0.31051E+00   0.31034E+00  -0.54474E-01   0.16906E-03  -0.12902E-03
         6       1   0.40984E+00   0.41176E+00   0.46739E+00   0.19245E-02   0.13632E-02
         7       1   0.48718E+00   0.48718E+00   0.00000E+00   0.00000E+00   0.00000E+00

RMS errors:
            Deriv#                                   % error  Absolute err  Relative err
                 1                               0.20502E+01   0.85562E-02   0.14901E-01

Integral errors:
Component#             Numerical      Analytic       % error  Absolute err  Relative err
         1  Intg     0.88791E-02   0.20026E-01   0.55662E+02   0.11147E-01   0.10928E-01
            Intg^2   0.61234E+00   0.60151E+00  -0.18014E+01   0.10836E-01  -0.67659E-02
Component#             Numerical      Analytic           NID        NID(%)
         1  Diff     0.11147E-01   0.20026E-01   0.44338E+00   0.44338E+02
            Diff^2   0.16911E-03   0.60151E+00   0.99972E+00   0.99972E+02


Variable 2 : del U/del n

Component 1 : 1

Nodal errors:
     Node#  Deriv#     Numerical      Analytic       % error  Absolute err  Relative err
         1       1   0.00000E+00   0.00000E+00   0.00000E+00   0.00000E+00   0.00000E+00
         2       1   0.00000E+00   0.00000E+00   0.00000E+00   0.00000E+00   0.00000E+00
         3       1   0.00000E+00   0.00000E+00   0.00000E+00   0.00000E+00   0.00000E+00
         4       1   0.00000E+00   0.00000E+00   0.00000E+00   0.00000E+00   0.00000E+00
         5       1   0.00000E+00   0.00000E+00   0.00000E+00   0.00000E+00   0.00000E+00
         6       1   0.00000E+00   0.00000E+00   0.00000E+00   0.00000E+00   0.00000E+00
         7       1   0.00000E+00   0.00000E+00   0.00000E+00   0.00000E+00   0.00000E+00

RMS errors:
            Deriv#                                   % error  Absolute err  Relative err
                 1                               0.00000E+00   0.00000E+00   0.00000E+00

Integral errors:
Component#             Numerical      Analytic       % error  Absolute err  Relative err
         1  Intg     0.00000E+00   0.00000E+00   0.00000E+00   0.00000E+00   0.00000E+00
            Intg^2   0.00000E+00   0.00000E+00   0.00000E+00   0.00000E+00   0.00000E+00
Component#             Numerical      Analytic           NID        NID(%)
         1  Diff     0.00000E+00   0.00000E+00   0.00000E+00   0.00000E+00
            Diff^2   0.00000E+00   0.00000E+00   0.00000E+00   0.00000E+00

